2023-12-06T00:00:02.259+05:30  INFO 8316 --- [http-nio-8080-exec-10] c.h.a.services.JwtService                : Extracting username from token
2023-12-06T00:00:02.268+05:30  INFO 8316 --- [http-nio-8080-exec-10] c.h.a.services.JwtService                : Extracting all claims from token
2023-12-06T00:00:02.278+05:30  INFO 8316 --- [http-nio-8080-exec-10] c.h.a.services.JwtService                : Extracting username from token
2023-12-06T00:00:02.279+05:30  INFO 8316 --- [http-nio-8080-exec-10] c.h.a.services.JwtService                : Extracting all claims from token
2023-12-06T00:00:02.280+05:30  INFO 8316 --- [http-nio-8080-exec-10] c.h.a.services.JwtService                : Validating token for username: surya
2023-12-06T00:00:02.281+05:30  INFO 8316 --- [http-nio-8080-exec-10] c.h.a.services.JwtService                : Checking if token is expired
2023-12-06T00:00:02.281+05:30  INFO 8316 --- [http-nio-8080-exec-10] c.h.a.services.JwtService                : Extracting expiration from token
2023-12-06T00:00:02.281+05:30  INFO 8316 --- [http-nio-8080-exec-10] c.h.a.services.JwtService                : Extracting all claims from token
2023-12-06T00:00:02.285+05:30  INFO 8316 --- [http-nio-8080-exec-10] c.h.a.controller.TicketRestController    : Received request to view all tickets booked for flight added by flightOwnerId: 3000
2023-12-06T00:00:02.285+05:30  INFO 8316 --- [http-nio-8080-exec-10] c.h.a.services.TicketServiceimp          : Ticket Service Implementation - Fetching all tickets for flight owner ID: 3000
2023-12-06T00:00:02.327+05:30  INFO 8316 --- [http-nio-8080-exec-10] c.h.a.services.TicketServiceimp          : Ticket Service Implementation - All tickets fetched successfully for flight owner ID: 3000. Count: 14
2023-12-06T00:00:05.115+05:30  INFO 8316 --- [http-nio-8080-exec-1] c.h.a.services.JwtService                : Extracting username from token
2023-12-06T00:00:05.116+05:30  INFO 8316 --- [http-nio-8080-exec-1] c.h.a.services.JwtService                : Extracting all claims from token
2023-12-06T00:00:05.126+05:30  INFO 8316 --- [http-nio-8080-exec-1] c.h.a.services.JwtService                : Extracting username from token
2023-12-06T00:00:05.126+05:30  INFO 8316 --- [http-nio-8080-exec-1] c.h.a.services.JwtService                : Extracting all claims from token
2023-12-06T00:00:05.127+05:30  INFO 8316 --- [http-nio-8080-exec-1] c.h.a.services.JwtService                : Validating token for username: surya
2023-12-06T00:00:05.127+05:30  INFO 8316 --- [http-nio-8080-exec-1] c.h.a.services.JwtService                : Checking if token is expired
2023-12-06T00:00:05.127+05:30  INFO 8316 --- [http-nio-8080-exec-1] c.h.a.services.JwtService                : Extracting expiration from token
2023-12-06T00:00:05.127+05:30  INFO 8316 --- [http-nio-8080-exec-1] c.h.a.services.JwtService                : Extracting all claims from token
2023-12-06T00:00:05.130+05:30  WARN 8316 --- [http-nio-8080-exec-1] ocalVariableTableParameterNameDiscoverer : Using deprecated '-debug' fallback for parameter name resolution. Compile the affected code with '-parameters' instead or avoid its introspection: com.hexaware.airticketbooking.controller.FlightOwnerRestController
2023-12-06T00:00:05.131+05:30  INFO 8316 --- [http-nio-8080-exec-1] c.h.a.c.FlightOwnerRestController        : Received request to get flight owner details for flightOwnerId: 3000
2023-12-06T00:00:05.135+05:30  INFO 8316 --- [http-nio-8080-exec-1] c.h.a.services.FlightownerServiceImp     : Flight Owner Service Implementation - Fetching Flight Owner with ID :3000
2023-12-06T00:05:54.935+05:30  INFO 8316 --- [http-nio-8080-exec-5] c.h.a.controller.LoginRestController     : Received request for user login for username: surya
2023-12-06T00:05:55.119+05:30  INFO 8316 --- [http-nio-8080-exec-5] c.h.a.services.JwtService                : Generating token for username: surya
2023-12-06T00:05:55.119+05:30  INFO 8316 --- [http-nio-8080-exec-5] c.h.a.services.JwtService                : Creating token for username: surya
2023-12-06T00:05:55.130+05:30  INFO 8316 --- [http-nio-8080-exec-5] c.h.a.controller.LoginRestController     : User login successful for username: surya
2023-12-06T00:05:55.137+05:30  WARN 8316 --- [http-nio-8080-exec-6] ocalVariableTableParameterNameDiscoverer : Using deprecated '-debug' fallback for parameter name resolution. Compile the affected code with '-parameters' instead or avoid its introspection: com.hexaware.airticketbooking.controller.LoginRestController
2023-12-06T00:06:28.408+05:30  INFO 8316 --- [http-nio-8080-exec-8] c.h.a.services.JwtService                : Extracting username from token
2023-12-06T00:06:28.409+05:30  INFO 8316 --- [http-nio-8080-exec-8] c.h.a.services.JwtService                : Extracting all claims from token
2023-12-06T00:06:28.420+05:30  INFO 8316 --- [http-nio-8080-exec-8] c.h.a.services.JwtService                : Extracting username from token
2023-12-06T00:06:28.420+05:30  INFO 8316 --- [http-nio-8080-exec-8] c.h.a.services.JwtService                : Extracting all claims from token
2023-12-06T00:06:28.422+05:30  INFO 8316 --- [http-nio-8080-exec-8] c.h.a.services.JwtService                : Validating token for username: surya
2023-12-06T00:06:28.422+05:30  INFO 8316 --- [http-nio-8080-exec-8] c.h.a.services.JwtService                : Checking if token is expired
2023-12-06T00:06:28.422+05:30  INFO 8316 --- [http-nio-8080-exec-8] c.h.a.services.JwtService                : Extracting expiration from token
2023-12-06T00:06:28.422+05:30  INFO 8316 --- [http-nio-8080-exec-8] c.h.a.services.JwtService                : Extracting all claims from token
2023-12-06T00:06:28.425+05:30  INFO 8316 --- [http-nio-8080-exec-8] c.h.a.controller.TicketRestController    : Received request to view all tickets booked for flight added by flightOwnerId: 3000
2023-12-06T00:06:28.425+05:30  INFO 8316 --- [http-nio-8080-exec-8] c.h.a.services.TicketServiceimp          : Ticket Service Implementation - Fetching all tickets for flight owner ID: 3000
2023-12-06T00:06:28.463+05:30  INFO 8316 --- [http-nio-8080-exec-8] c.h.a.services.TicketServiceimp          : Ticket Service Implementation - All tickets fetched successfully for flight owner ID: 3000. Count: 14
2023-12-06T00:06:31.340+05:30  INFO 8316 --- [http-nio-8080-exec-9] c.h.a.services.JwtService                : Extracting username from token
2023-12-06T00:06:31.341+05:30  INFO 8316 --- [http-nio-8080-exec-9] c.h.a.services.JwtService                : Extracting all claims from token
2023-12-06T00:06:31.356+05:30  INFO 8316 --- [http-nio-8080-exec-9] c.h.a.services.JwtService                : Extracting username from token
2023-12-06T00:06:31.356+05:30  INFO 8316 --- [http-nio-8080-exec-9] c.h.a.services.JwtService                : Extracting all claims from token
2023-12-06T00:06:31.358+05:30  INFO 8316 --- [http-nio-8080-exec-9] c.h.a.services.JwtService                : Validating token for username: surya
2023-12-06T00:06:31.358+05:30  INFO 8316 --- [http-nio-8080-exec-9] c.h.a.services.JwtService                : Checking if token is expired
2023-12-06T00:06:31.358+05:30  INFO 8316 --- [http-nio-8080-exec-9] c.h.a.services.JwtService                : Extracting expiration from token
2023-12-06T00:06:31.358+05:30  INFO 8316 --- [http-nio-8080-exec-9] c.h.a.services.JwtService                : Extracting all claims from token
2023-12-06T00:06:32.976+05:30  INFO 8316 --- [http-nio-8080-exec-10] c.h.a.services.JwtService                : Extracting username from token
2023-12-06T00:06:32.977+05:30  INFO 8316 --- [http-nio-8080-exec-10] c.h.a.services.JwtService                : Extracting all claims from token
2023-12-06T00:06:32.987+05:30  INFO 8316 --- [http-nio-8080-exec-10] c.h.a.services.JwtService                : Extracting username from token
2023-12-06T00:06:32.987+05:30  INFO 8316 --- [http-nio-8080-exec-10] c.h.a.services.JwtService                : Extracting all claims from token
2023-12-06T00:06:32.989+05:30  INFO 8316 --- [http-nio-8080-exec-10] c.h.a.services.JwtService                : Validating token for username: surya
2023-12-06T00:06:32.989+05:30  INFO 8316 --- [http-nio-8080-exec-10] c.h.a.services.JwtService                : Checking if token is expired
2023-12-06T00:06:32.989+05:30  INFO 8316 --- [http-nio-8080-exec-10] c.h.a.services.JwtService                : Extracting expiration from token
2023-12-06T00:06:32.989+05:30  INFO 8316 --- [http-nio-8080-exec-10] c.h.a.services.JwtService                : Extracting all claims from token
2023-12-06T00:06:32.992+05:30  INFO 8316 --- [http-nio-8080-exec-10] c.h.a.c.FlightOwnerRestController        : Received request to get flight owner details for flightOwnerId: 3000
2023-12-06T00:06:32.997+05:30  INFO 8316 --- [http-nio-8080-exec-10] c.h.a.services.FlightownerServiceImp     : Flight Owner Service Implementation - Fetching Flight Owner with ID :3000
2023-12-06T00:06:35.049+05:30  INFO 8316 --- [http-nio-8080-exec-2] c.h.a.services.JwtService                : Extracting username from token
2023-12-06T00:06:35.049+05:30  INFO 8316 --- [http-nio-8080-exec-2] c.h.a.services.JwtService                : Extracting all claims from token
2023-12-06T00:06:35.060+05:30  INFO 8316 --- [http-nio-8080-exec-2] c.h.a.services.JwtService                : Extracting username from token
2023-12-06T00:06:35.060+05:30  INFO 8316 --- [http-nio-8080-exec-2] c.h.a.services.JwtService                : Extracting all claims from token
2023-12-06T00:06:35.061+05:30  INFO 8316 --- [http-nio-8080-exec-2] c.h.a.services.JwtService                : Validating token for username: surya
2023-12-06T00:06:35.061+05:30  INFO 8316 --- [http-nio-8080-exec-2] c.h.a.services.JwtService                : Checking if token is expired
2023-12-06T00:06:35.061+05:30  INFO 8316 --- [http-nio-8080-exec-2] c.h.a.services.JwtService                : Extracting expiration from token
2023-12-06T00:06:35.061+05:30  INFO 8316 --- [http-nio-8080-exec-2] c.h.a.services.JwtService                : Extracting all claims from token
2023-12-06T00:07:15.939+05:30  INFO 8316 --- [http-nio-8080-exec-3] c.h.a.services.JwtService                : Extracting username from token
2023-12-06T00:07:15.940+05:30  INFO 8316 --- [http-nio-8080-exec-3] c.h.a.services.JwtService                : Extracting all claims from token
2023-12-06T00:07:15.953+05:30  INFO 8316 --- [http-nio-8080-exec-3] c.h.a.services.JwtService                : Extracting username from token
2023-12-06T00:07:15.953+05:30  INFO 8316 --- [http-nio-8080-exec-3] c.h.a.services.JwtService                : Extracting all claims from token
2023-12-06T00:07:15.955+05:30  INFO 8316 --- [http-nio-8080-exec-3] c.h.a.services.JwtService                : Validating token for username: surya
2023-12-06T00:07:15.955+05:30  INFO 8316 --- [http-nio-8080-exec-3] c.h.a.services.JwtService                : Checking if token is expired
2023-12-06T00:07:15.955+05:30  INFO 8316 --- [http-nio-8080-exec-3] c.h.a.services.JwtService                : Extracting expiration from token
2023-12-06T00:07:15.955+05:30  INFO 8316 --- [http-nio-8080-exec-3] c.h.a.services.JwtService                : Extracting all claims from token
2023-12-06T00:07:15.961+05:30  INFO 8316 --- [http-nio-8080-exec-3] c.h.a.controller.TicketRestController    : Received request to view all tickets booked for flight added by flightOwnerId: 3000
2023-12-06T00:07:15.962+05:30  INFO 8316 --- [http-nio-8080-exec-3] c.h.a.services.TicketServiceimp          : Ticket Service Implementation - Fetching all tickets for flight owner ID: 3000
2023-12-06T00:07:16.017+05:30  INFO 8316 --- [http-nio-8080-exec-3] c.h.a.services.TicketServiceimp          : Ticket Service Implementation - All tickets fetched successfully for flight owner ID: 3000. Count: 14
2023-12-06T00:07:17.456+05:30  INFO 8316 --- [http-nio-8080-exec-4] c.h.a.services.JwtService                : Extracting username from token
2023-12-06T00:07:17.457+05:30  INFO 8316 --- [http-nio-8080-exec-4] c.h.a.services.JwtService                : Extracting all claims from token
2023-12-06T00:07:17.473+05:30  INFO 8316 --- [http-nio-8080-exec-4] c.h.a.services.JwtService                : Extracting username from token
2023-12-06T00:07:17.473+05:30  INFO 8316 --- [http-nio-8080-exec-4] c.h.a.services.JwtService                : Extracting all claims from token
2023-12-06T00:07:17.476+05:30  INFO 8316 --- [http-nio-8080-exec-4] c.h.a.services.JwtService                : Validating token for username: surya
2023-12-06T00:07:17.476+05:30  INFO 8316 --- [http-nio-8080-exec-4] c.h.a.services.JwtService                : Checking if token is expired
2023-12-06T00:07:17.477+05:30  INFO 8316 --- [http-nio-8080-exec-4] c.h.a.services.JwtService                : Extracting expiration from token
2023-12-06T00:07:17.477+05:30  INFO 8316 --- [http-nio-8080-exec-4] c.h.a.services.JwtService                : Extracting all claims from token
2023-12-06T00:07:32.850+05:30  INFO 8316 --- [http-nio-8080-exec-5] c.h.a.services.JwtService                : Extracting username from token
2023-12-06T00:07:32.852+05:30  INFO 8316 --- [http-nio-8080-exec-5] c.h.a.services.JwtService                : Extracting all claims from token
2023-12-06T00:07:32.866+05:30  INFO 8316 --- [http-nio-8080-exec-5] c.h.a.services.JwtService                : Extracting username from token
2023-12-06T00:07:32.867+05:30  INFO 8316 --- [http-nio-8080-exec-5] c.h.a.services.JwtService                : Extracting all claims from token
2023-12-06T00:07:32.869+05:30  INFO 8316 --- [http-nio-8080-exec-5] c.h.a.services.JwtService                : Validating token for username: surya
2023-12-06T00:07:32.869+05:30  INFO 8316 --- [http-nio-8080-exec-5] c.h.a.services.JwtService                : Checking if token is expired
2023-12-06T00:07:32.869+05:30  INFO 8316 --- [http-nio-8080-exec-5] c.h.a.services.JwtService                : Extracting expiration from token
2023-12-06T00:07:32.869+05:30  INFO 8316 --- [http-nio-8080-exec-5] c.h.a.services.JwtService                : Extracting all claims from token
2023-12-06T00:07:37.644+05:30  INFO 8316 --- [http-nio-8080-exec-7] c.h.a.services.JwtService                : Extracting username from token
2023-12-06T00:07:37.644+05:30  INFO 8316 --- [http-nio-8080-exec-7] c.h.a.services.JwtService                : Extracting all claims from token
2023-12-06T00:07:37.660+05:30  INFO 8316 --- [http-nio-8080-exec-7] c.h.a.services.JwtService                : Extracting username from token
2023-12-06T00:07:37.661+05:30  INFO 8316 --- [http-nio-8080-exec-7] c.h.a.services.JwtService                : Extracting all claims from token
2023-12-06T00:07:37.663+05:30  INFO 8316 --- [http-nio-8080-exec-7] c.h.a.services.JwtService                : Validating token for username: surya
2023-12-06T00:07:37.663+05:30  INFO 8316 --- [http-nio-8080-exec-7] c.h.a.services.JwtService                : Checking if token is expired
2023-12-06T00:07:37.663+05:30  INFO 8316 --- [http-nio-8080-exec-7] c.h.a.services.JwtService                : Extracting expiration from token
2023-12-06T00:07:37.663+05:30  INFO 8316 --- [http-nio-8080-exec-7] c.h.a.services.JwtService                : Extracting all claims from token
2023-12-06T00:07:37.669+05:30  INFO 8316 --- [http-nio-8080-exec-7] c.h.a.controller.TicketRestController    : Received request to view all tickets booked for flight added by flightOwnerId: 3000
2023-12-06T00:07:37.670+05:30  INFO 8316 --- [http-nio-8080-exec-7] c.h.a.services.TicketServiceimp          : Ticket Service Implementation - Fetching all tickets for flight owner ID: 3000
2023-12-06T00:07:37.727+05:30  INFO 8316 --- [http-nio-8080-exec-7] c.h.a.services.TicketServiceimp          : Ticket Service Implementation - All tickets fetched successfully for flight owner ID: 3000. Count: 14
2023-12-06T00:07:39.424+05:30  INFO 8316 --- [http-nio-8080-exec-6] c.h.a.services.JwtService                : Extracting username from token
2023-12-06T00:07:39.424+05:30  INFO 8316 --- [http-nio-8080-exec-6] c.h.a.services.JwtService                : Extracting all claims from token
2023-12-06T00:07:39.440+05:30  INFO 8316 --- [http-nio-8080-exec-6] c.h.a.services.JwtService                : Extracting username from token
2023-12-06T00:07:39.440+05:30  INFO 8316 --- [http-nio-8080-exec-6] c.h.a.services.JwtService                : Extracting all claims from token
2023-12-06T00:07:39.442+05:30  INFO 8316 --- [http-nio-8080-exec-6] c.h.a.services.JwtService                : Validating token for username: surya
2023-12-06T00:07:39.442+05:30  INFO 8316 --- [http-nio-8080-exec-6] c.h.a.services.JwtService                : Checking if token is expired
2023-12-06T00:07:39.442+05:30  INFO 8316 --- [http-nio-8080-exec-6] c.h.a.services.JwtService                : Extracting expiration from token
2023-12-06T00:07:39.443+05:30  INFO 8316 --- [http-nio-8080-exec-6] c.h.a.services.JwtService                : Extracting all claims from token
2023-12-06T00:07:40.480+05:30  INFO 8316 --- [http-nio-8080-exec-8] c.h.a.services.JwtService                : Extracting username from token
2023-12-06T00:07:40.480+05:30  INFO 8316 --- [http-nio-8080-exec-8] c.h.a.services.JwtService                : Extracting all claims from token
2023-12-06T00:07:40.493+05:30  INFO 8316 --- [http-nio-8080-exec-8] c.h.a.services.JwtService                : Extracting username from token
2023-12-06T00:07:40.493+05:30  INFO 8316 --- [http-nio-8080-exec-8] c.h.a.services.JwtService                : Extracting all claims from token
2023-12-06T00:07:40.494+05:30  INFO 8316 --- [http-nio-8080-exec-8] c.h.a.services.JwtService                : Validating token for username: surya
2023-12-06T00:07:40.494+05:30  INFO 8316 --- [http-nio-8080-exec-8] c.h.a.services.JwtService                : Checking if token is expired
2023-12-06T00:07:40.495+05:30  INFO 8316 --- [http-nio-8080-exec-8] c.h.a.services.JwtService                : Extracting expiration from token
2023-12-06T00:07:40.495+05:30  INFO 8316 --- [http-nio-8080-exec-8] c.h.a.services.JwtService                : Extracting all claims from token
2023-12-06T00:07:40.501+05:30  INFO 8316 --- [http-nio-8080-exec-8] c.h.a.c.FlightOwnerRestController        : Received request to get flight owner details for flightOwnerId: 3000
2023-12-06T00:07:40.506+05:30  INFO 8316 --- [http-nio-8080-exec-8] c.h.a.services.FlightownerServiceImp     : Flight Owner Service Implementation - Fetching Flight Owner with ID :3000
2023-12-06T00:08:15.201+05:30  INFO 8316 --- [http-nio-8080-exec-9] c.h.a.services.JwtService                : Extracting username from token
2023-12-06T00:08:15.201+05:30  INFO 8316 --- [http-nio-8080-exec-9] c.h.a.services.JwtService                : Extracting all claims from token
2023-12-06T00:08:15.212+05:30  INFO 8316 --- [http-nio-8080-exec-9] c.h.a.services.JwtService                : Extracting username from token
2023-12-06T00:08:15.212+05:30  INFO 8316 --- [http-nio-8080-exec-9] c.h.a.services.JwtService                : Extracting all claims from token
2023-12-06T00:08:15.214+05:30  INFO 8316 --- [http-nio-8080-exec-9] c.h.a.services.JwtService                : Validating token for username: surya
2023-12-06T00:08:15.214+05:30  INFO 8316 --- [http-nio-8080-exec-9] c.h.a.services.JwtService                : Checking if token is expired
2023-12-06T00:08:15.215+05:30  INFO 8316 --- [http-nio-8080-exec-9] c.h.a.services.JwtService                : Extracting expiration from token
2023-12-06T00:08:15.215+05:30  INFO 8316 --- [http-nio-8080-exec-9] c.h.a.services.JwtService                : Extracting all claims from token
2023-12-06T00:08:31.380+05:30  INFO 8316 --- [http-nio-8080-exec-10] c.h.a.services.JwtService                : Extracting username from token
2023-12-06T00:08:31.380+05:30  INFO 8316 --- [http-nio-8080-exec-10] c.h.a.services.JwtService                : Extracting all claims from token
2023-12-06T00:08:31.395+05:30  INFO 8316 --- [http-nio-8080-exec-10] c.h.a.services.JwtService                : Extracting username from token
2023-12-06T00:08:31.395+05:30  INFO 8316 --- [http-nio-8080-exec-10] c.h.a.services.JwtService                : Extracting all claims from token
2023-12-06T00:08:31.398+05:30  INFO 8316 --- [http-nio-8080-exec-10] c.h.a.services.JwtService                : Validating token for username: surya
2023-12-06T00:08:31.398+05:30  INFO 8316 --- [http-nio-8080-exec-10] c.h.a.services.JwtService                : Checking if token is expired
2023-12-06T00:08:31.398+05:30  INFO 8316 --- [http-nio-8080-exec-10] c.h.a.services.JwtService                : Extracting expiration from token
2023-12-06T00:08:31.398+05:30  INFO 8316 --- [http-nio-8080-exec-10] c.h.a.services.JwtService                : Extracting all claims from token
2023-12-06T00:08:38.793+05:30  INFO 8316 --- [http-nio-8080-exec-2] c.h.a.services.JwtService                : Extracting username from token
2023-12-06T00:08:38.793+05:30  INFO 8316 --- [http-nio-8080-exec-2] c.h.a.services.JwtService                : Extracting all claims from token
2023-12-06T00:08:38.807+05:30  INFO 8316 --- [http-nio-8080-exec-2] c.h.a.services.JwtService                : Extracting username from token
2023-12-06T00:08:38.807+05:30  INFO 8316 --- [http-nio-8080-exec-2] c.h.a.services.JwtService                : Extracting all claims from token
2023-12-06T00:08:38.810+05:30  INFO 8316 --- [http-nio-8080-exec-2] c.h.a.services.JwtService                : Validating token for username: surya
2023-12-06T00:08:38.810+05:30  INFO 8316 --- [http-nio-8080-exec-2] c.h.a.services.JwtService                : Checking if token is expired
2023-12-06T00:08:38.810+05:30  INFO 8316 --- [http-nio-8080-exec-2] c.h.a.services.JwtService                : Extracting expiration from token
2023-12-06T00:08:38.810+05:30  INFO 8316 --- [http-nio-8080-exec-2] c.h.a.services.JwtService                : Extracting all claims from token
2023-12-06T00:08:38.815+05:30  INFO 8316 --- [http-nio-8080-exec-2] c.h.a.controller.TicketRestController    : Received request to view all tickets booked for flight added by flightOwnerId: 3000
2023-12-06T00:08:38.815+05:30  INFO 8316 --- [http-nio-8080-exec-2] c.h.a.services.TicketServiceimp          : Ticket Service Implementation - Fetching all tickets for flight owner ID: 3000
2023-12-06T00:08:38.870+05:30  INFO 8316 --- [http-nio-8080-exec-2] c.h.a.services.TicketServiceimp          : Ticket Service Implementation - All tickets fetched successfully for flight owner ID: 3000. Count: 14
2023-12-06T00:10:53.334+05:30  INFO 8316 --- [http-nio-8080-exec-3] c.h.a.services.JwtService                : Extracting username from token
2023-12-06T00:10:53.334+05:30  INFO 8316 --- [http-nio-8080-exec-3] c.h.a.services.JwtService                : Extracting all claims from token
2023-12-06T00:10:53.346+05:30  INFO 8316 --- [http-nio-8080-exec-3] c.h.a.services.JwtService                : Extracting username from token
2023-12-06T00:10:53.346+05:30  INFO 8316 --- [http-nio-8080-exec-3] c.h.a.services.JwtService                : Extracting all claims from token
2023-12-06T00:10:53.348+05:30  INFO 8316 --- [http-nio-8080-exec-3] c.h.a.services.JwtService                : Validating token for username: surya
2023-12-06T00:10:53.348+05:30  INFO 8316 --- [http-nio-8080-exec-3] c.h.a.services.JwtService                : Checking if token is expired
2023-12-06T00:10:53.348+05:30  INFO 8316 --- [http-nio-8080-exec-3] c.h.a.services.JwtService                : Extracting expiration from token
2023-12-06T00:10:53.348+05:30  INFO 8316 --- [http-nio-8080-exec-3] c.h.a.services.JwtService                : Extracting all claims from token
2023-12-06T00:12:22.060+05:30  INFO 8316 --- [http-nio-8080-exec-5] c.h.a.services.JwtService                : Extracting username from token
2023-12-06T00:12:22.060+05:30  INFO 8316 --- [http-nio-8080-exec-5] c.h.a.services.JwtService                : Extracting all claims from token
2023-12-06T00:12:22.079+05:30  INFO 8316 --- [http-nio-8080-exec-5] c.h.a.services.JwtService                : Extracting username from token
2023-12-06T00:12:22.080+05:30  INFO 8316 --- [http-nio-8080-exec-5] c.h.a.services.JwtService                : Extracting all claims from token
2023-12-06T00:12:22.085+05:30  INFO 8316 --- [http-nio-8080-exec-5] c.h.a.services.JwtService                : Validating token for username: surya
2023-12-06T00:12:22.086+05:30  INFO 8316 --- [http-nio-8080-exec-5] c.h.a.services.JwtService                : Checking if token is expired
2023-12-06T00:12:22.086+05:30  INFO 8316 --- [http-nio-8080-exec-5] c.h.a.services.JwtService                : Extracting expiration from token
2023-12-06T00:12:22.087+05:30  INFO 8316 --- [http-nio-8080-exec-5] c.h.a.services.JwtService                : Extracting all claims from token
2023-12-06T00:12:28.254+05:30  INFO 8316 --- [http-nio-8080-exec-7] c.h.a.services.JwtService                : Extracting username from token
2023-12-06T00:12:28.254+05:30  INFO 8316 --- [http-nio-8080-exec-7] c.h.a.services.JwtService                : Extracting all claims from token
2023-12-06T00:12:28.270+05:30  INFO 8316 --- [http-nio-8080-exec-7] c.h.a.services.JwtService                : Extracting username from token
2023-12-06T00:12:28.270+05:30  INFO 8316 --- [http-nio-8080-exec-7] c.h.a.services.JwtService                : Extracting all claims from token
2023-12-06T00:12:28.273+05:30  INFO 8316 --- [http-nio-8080-exec-7] c.h.a.services.JwtService                : Validating token for username: surya
2023-12-06T00:12:28.273+05:30  INFO 8316 --- [http-nio-8080-exec-7] c.h.a.services.JwtService                : Checking if token is expired
2023-12-06T00:12:28.273+05:30  INFO 8316 --- [http-nio-8080-exec-7] c.h.a.services.JwtService                : Extracting expiration from token
2023-12-06T00:12:28.273+05:30  INFO 8316 --- [http-nio-8080-exec-7] c.h.a.services.JwtService                : Extracting all claims from token
2023-12-06T00:12:28.281+05:30  INFO 8316 --- [http-nio-8080-exec-7] c.h.a.controller.TicketRestController    : Received request to view all tickets booked for flight added by flightOwnerId: 3000
2023-12-06T00:12:28.282+05:30  INFO 8316 --- [http-nio-8080-exec-7] c.h.a.services.TicketServiceimp          : Ticket Service Implementation - Fetching all tickets for flight owner ID: 3000
2023-12-06T00:12:28.343+05:30  INFO 8316 --- [http-nio-8080-exec-7] c.h.a.services.TicketServiceimp          : Ticket Service Implementation - All tickets fetched successfully for flight owner ID: 3000. Count: 14
2023-12-06T00:12:31.683+05:30  INFO 8316 --- [http-nio-8080-exec-6] c.h.a.services.JwtService                : Extracting username from token
2023-12-06T00:12:31.684+05:30  INFO 8316 --- [http-nio-8080-exec-6] c.h.a.services.JwtService                : Extracting all claims from token
2023-12-06T00:12:31.700+05:30  INFO 8316 --- [http-nio-8080-exec-6] c.h.a.services.JwtService                : Extracting username from token
2023-12-06T00:12:31.700+05:30  INFO 8316 --- [http-nio-8080-exec-6] c.h.a.services.JwtService                : Extracting all claims from token
2023-12-06T00:12:31.702+05:30  INFO 8316 --- [http-nio-8080-exec-6] c.h.a.services.JwtService                : Validating token for username: surya
2023-12-06T00:12:31.702+05:30  INFO 8316 --- [http-nio-8080-exec-6] c.h.a.services.JwtService                : Checking if token is expired
2023-12-06T00:12:31.702+05:30  INFO 8316 --- [http-nio-8080-exec-6] c.h.a.services.JwtService                : Extracting expiration from token
2023-12-06T00:12:31.702+05:30  INFO 8316 --- [http-nio-8080-exec-6] c.h.a.services.JwtService                : Extracting all claims from token
2023-12-06T00:12:48.686+05:30  INFO 8316 --- [http-nio-8080-exec-8] c.h.a.services.JwtService                : Extracting username from token
2023-12-06T00:12:48.687+05:30  INFO 8316 --- [http-nio-8080-exec-8] c.h.a.services.JwtService                : Extracting all claims from token
2023-12-06T00:12:48.701+05:30  INFO 8316 --- [http-nio-8080-exec-8] c.h.a.services.JwtService                : Extracting username from token
2023-12-06T00:12:48.701+05:30  INFO 8316 --- [http-nio-8080-exec-8] c.h.a.services.JwtService                : Extracting all claims from token
2023-12-06T00:12:48.703+05:30  INFO 8316 --- [http-nio-8080-exec-8] c.h.a.services.JwtService                : Validating token for username: surya
2023-12-06T00:12:48.703+05:30  INFO 8316 --- [http-nio-8080-exec-8] c.h.a.services.JwtService                : Checking if token is expired
2023-12-06T00:12:48.703+05:30  INFO 8316 --- [http-nio-8080-exec-8] c.h.a.services.JwtService                : Extracting expiration from token
2023-12-06T00:12:48.703+05:30  INFO 8316 --- [http-nio-8080-exec-8] c.h.a.services.JwtService                : Extracting all claims from token
2023-12-06T00:13:00.644+05:30  INFO 8316 --- [http-nio-8080-exec-9] c.h.a.services.JwtService                : Extracting username from token
2023-12-06T00:13:00.645+05:30  INFO 8316 --- [http-nio-8080-exec-9] c.h.a.services.JwtService                : Extracting all claims from token
2023-12-06T00:13:00.660+05:30  INFO 8316 --- [http-nio-8080-exec-9] c.h.a.services.JwtService                : Extracting username from token
2023-12-06T00:13:00.661+05:30  INFO 8316 --- [http-nio-8080-exec-9] c.h.a.services.JwtService                : Extracting all claims from token
2023-12-06T00:13:00.664+05:30  INFO 8316 --- [http-nio-8080-exec-9] c.h.a.services.JwtService                : Validating token for username: surya
2023-12-06T00:13:00.664+05:30  INFO 8316 --- [http-nio-8080-exec-9] c.h.a.services.JwtService                : Checking if token is expired
2023-12-06T00:13:00.665+05:30  INFO 8316 --- [http-nio-8080-exec-9] c.h.a.services.JwtService                : Extracting expiration from token
2023-12-06T00:13:00.665+05:30  INFO 8316 --- [http-nio-8080-exec-9] c.h.a.services.JwtService                : Extracting all claims from token
2023-12-06T00:13:04.239+05:30  INFO 8316 --- [http-nio-8080-exec-10] c.h.a.services.JwtService                : Extracting username from token
2023-12-06T00:13:04.240+05:30  INFO 8316 --- [http-nio-8080-exec-10] c.h.a.services.JwtService                : Extracting all claims from token
2023-12-06T00:13:04.255+05:30  INFO 8316 --- [http-nio-8080-exec-10] c.h.a.services.JwtService                : Extracting username from token
2023-12-06T00:13:04.256+05:30  INFO 8316 --- [http-nio-8080-exec-10] c.h.a.services.JwtService                : Extracting all claims from token
2023-12-06T00:13:04.257+05:30  INFO 8316 --- [http-nio-8080-exec-10] c.h.a.services.JwtService                : Validating token for username: surya
2023-12-06T00:13:04.258+05:30  INFO 8316 --- [http-nio-8080-exec-10] c.h.a.services.JwtService                : Checking if token is expired
2023-12-06T00:13:04.258+05:30  INFO 8316 --- [http-nio-8080-exec-10] c.h.a.services.JwtService                : Extracting expiration from token
2023-12-06T00:13:04.258+05:30  INFO 8316 --- [http-nio-8080-exec-10] c.h.a.services.JwtService                : Extracting all claims from token
2023-12-06T00:13:04.262+05:30  INFO 8316 --- [http-nio-8080-exec-10] c.h.a.controller.TicketRestController    : Received request to view all tickets booked for flight added by flightOwnerId: 3000
2023-12-06T00:13:04.263+05:30  INFO 8316 --- [http-nio-8080-exec-10] c.h.a.services.TicketServiceimp          : Ticket Service Implementation - Fetching all tickets for flight owner ID: 3000
2023-12-06T00:13:04.317+05:30  INFO 8316 --- [http-nio-8080-exec-10] c.h.a.services.TicketServiceimp          : Ticket Service Implementation - All tickets fetched successfully for flight owner ID: 3000. Count: 14
2023-12-06T00:13:05.573+05:30  INFO 8316 --- [http-nio-8080-exec-2] c.h.a.services.JwtService                : Extracting username from token
2023-12-06T00:13:05.573+05:30  INFO 8316 --- [http-nio-8080-exec-2] c.h.a.services.JwtService                : Extracting all claims from token
2023-12-06T00:13:05.589+05:30  INFO 8316 --- [http-nio-8080-exec-2] c.h.a.services.JwtService                : Extracting username from token
2023-12-06T00:13:05.589+05:30  INFO 8316 --- [http-nio-8080-exec-2] c.h.a.services.JwtService                : Extracting all claims from token
2023-12-06T00:13:05.591+05:30  INFO 8316 --- [http-nio-8080-exec-2] c.h.a.services.JwtService                : Validating token for username: surya
2023-12-06T00:13:05.591+05:30  INFO 8316 --- [http-nio-8080-exec-2] c.h.a.services.JwtService                : Checking if token is expired
2023-12-06T00:13:05.591+05:30  INFO 8316 --- [http-nio-8080-exec-2] c.h.a.services.JwtService                : Extracting expiration from token
2023-12-06T00:13:05.591+05:30  INFO 8316 --- [http-nio-8080-exec-2] c.h.a.services.JwtService                : Extracting all claims from token
2023-12-06T00:13:06.438+05:30  INFO 8316 --- [http-nio-8080-exec-1] c.h.a.services.JwtService                : Extracting username from token
2023-12-06T00:13:06.438+05:30  INFO 8316 --- [http-nio-8080-exec-1] c.h.a.services.JwtService                : Extracting all claims from token
2023-12-06T00:13:06.453+05:30  INFO 8316 --- [http-nio-8080-exec-1] c.h.a.services.JwtService                : Extracting username from token
2023-12-06T00:13:06.454+05:30  INFO 8316 --- [http-nio-8080-exec-1] c.h.a.services.JwtService                : Extracting all claims from token
2023-12-06T00:13:06.456+05:30  INFO 8316 --- [http-nio-8080-exec-1] c.h.a.services.JwtService                : Validating token for username: surya
2023-12-06T00:13:06.456+05:30  INFO 8316 --- [http-nio-8080-exec-1] c.h.a.services.JwtService                : Checking if token is expired
2023-12-06T00:13:06.456+05:30  INFO 8316 --- [http-nio-8080-exec-1] c.h.a.services.JwtService                : Extracting expiration from token
2023-12-06T00:13:06.456+05:30  INFO 8316 --- [http-nio-8080-exec-1] c.h.a.services.JwtService                : Extracting all claims from token
2023-12-06T00:13:06.460+05:30  INFO 8316 --- [http-nio-8080-exec-1] c.h.a.c.FlightOwnerRestController        : Received request to get flight owner details for flightOwnerId: 3000
2023-12-06T00:13:06.464+05:30  INFO 8316 --- [http-nio-8080-exec-1] c.h.a.services.FlightownerServiceImp     : Flight Owner Service Implementation - Fetching Flight Owner with ID :3000
2023-12-06T00:14:19.244+05:30  INFO 8316 --- [http-nio-8080-exec-4] c.h.a.services.JwtService                : Extracting username from token
2023-12-06T00:14:19.244+05:30  INFO 8316 --- [http-nio-8080-exec-4] c.h.a.services.JwtService                : Extracting all claims from token
2023-12-06T00:14:19.262+05:30  INFO 8316 --- [http-nio-8080-exec-4] c.h.a.services.JwtService                : Extracting username from token
2023-12-06T00:14:19.262+05:30  INFO 8316 --- [http-nio-8080-exec-4] c.h.a.services.JwtService                : Extracting all claims from token
2023-12-06T00:14:19.265+05:30  INFO 8316 --- [http-nio-8080-exec-4] c.h.a.services.JwtService                : Validating token for username: surya
2023-12-06T00:14:19.265+05:30  INFO 8316 --- [http-nio-8080-exec-4] c.h.a.services.JwtService                : Checking if token is expired
2023-12-06T00:14:19.265+05:30  INFO 8316 --- [http-nio-8080-exec-4] c.h.a.services.JwtService                : Extracting expiration from token
2023-12-06T00:14:19.265+05:30  INFO 8316 --- [http-nio-8080-exec-4] c.h.a.services.JwtService                : Extracting all claims from token
2023-12-06T00:14:19.272+05:30  INFO 8316 --- [http-nio-8080-exec-4] c.h.a.controller.TicketRestController    : Received request to view all tickets booked for flight added by flightOwnerId: 3000
2023-12-06T00:14:19.273+05:30  INFO 8316 --- [http-nio-8080-exec-4] c.h.a.services.TicketServiceimp          : Ticket Service Implementation - Fetching all tickets for flight owner ID: 3000
2023-12-06T00:14:19.324+05:30  INFO 8316 --- [http-nio-8080-exec-4] c.h.a.services.TicketServiceimp          : Ticket Service Implementation - All tickets fetched successfully for flight owner ID: 3000. Count: 14
2023-12-06T00:14:20.216+05:30  INFO 8316 --- [http-nio-8080-exec-5] c.h.a.services.JwtService                : Extracting username from token
2023-12-06T00:14:20.217+05:30  INFO 8316 --- [http-nio-8080-exec-5] c.h.a.services.JwtService                : Extracting all claims from token
2023-12-06T00:14:20.230+05:30  INFO 8316 --- [http-nio-8080-exec-5] c.h.a.services.JwtService                : Extracting username from token
2023-12-06T00:14:20.230+05:30  INFO 8316 --- [http-nio-8080-exec-5] c.h.a.services.JwtService                : Extracting all claims from token
2023-12-06T00:14:20.232+05:30  INFO 8316 --- [http-nio-8080-exec-5] c.h.a.services.JwtService                : Validating token for username: surya
2023-12-06T00:14:20.232+05:30  INFO 8316 --- [http-nio-8080-exec-5] c.h.a.services.JwtService                : Checking if token is expired
2023-12-06T00:14:20.232+05:30  INFO 8316 --- [http-nio-8080-exec-5] c.h.a.services.JwtService                : Extracting expiration from token
2023-12-06T00:14:20.233+05:30  INFO 8316 --- [http-nio-8080-exec-5] c.h.a.services.JwtService                : Extracting all claims from token
2023-12-06T00:14:21.115+05:30  INFO 8316 --- [http-nio-8080-exec-7] c.h.a.services.JwtService                : Extracting username from token
2023-12-06T00:14:21.115+05:30  INFO 8316 --- [http-nio-8080-exec-7] c.h.a.services.JwtService                : Extracting all claims from token
2023-12-06T00:14:21.131+05:30  INFO 8316 --- [http-nio-8080-exec-7] c.h.a.services.JwtService                : Extracting username from token
2023-12-06T00:14:21.131+05:30  INFO 8316 --- [http-nio-8080-exec-7] c.h.a.services.JwtService                : Extracting all claims from token
2023-12-06T00:14:21.133+05:30  INFO 8316 --- [http-nio-8080-exec-7] c.h.a.services.JwtService                : Validating token for username: surya
2023-12-06T00:14:21.133+05:30  INFO 8316 --- [http-nio-8080-exec-7] c.h.a.services.JwtService                : Checking if token is expired
2023-12-06T00:14:21.133+05:30  INFO 8316 --- [http-nio-8080-exec-7] c.h.a.services.JwtService                : Extracting expiration from token
2023-12-06T00:14:21.133+05:30  INFO 8316 --- [http-nio-8080-exec-7] c.h.a.services.JwtService                : Extracting all claims from token
2023-12-06T00:14:21.138+05:30  INFO 8316 --- [http-nio-8080-exec-7] c.h.a.c.FlightOwnerRestController        : Received request to get flight owner details for flightOwnerId: 3000
2023-12-06T00:14:21.142+05:30  INFO 8316 --- [http-nio-8080-exec-7] c.h.a.services.FlightownerServiceImp     : Flight Owner Service Implementation - Fetching Flight Owner with ID :3000
2023-12-06T00:27:28.976+05:30  INFO 8316 --- [http-nio-8080-exec-9] c.h.a.controller.LoginRestController     : Received request for user login for username: yashwanth
2023-12-06T00:27:29.182+05:30  INFO 8316 --- [http-nio-8080-exec-9] c.h.a.services.JwtService                : Generating token for username: yashwanth
2023-12-06T00:27:29.182+05:30  INFO 8316 --- [http-nio-8080-exec-9] c.h.a.services.JwtService                : Creating token for username: yashwanth
2023-12-06T00:27:29.184+05:30  INFO 8316 --- [http-nio-8080-exec-9] c.h.a.controller.LoginRestController     : User login successful for username: yashwanth
2023-12-06T00:27:32.129+05:30  INFO 8316 --- [http-nio-8080-exec-3] c.h.a.services.JwtService                : Extracting username from token
2023-12-06T00:27:32.129+05:30  INFO 8316 --- [http-nio-8080-exec-3] c.h.a.services.JwtService                : Extracting all claims from token
2023-12-06T00:27:32.138+05:30  INFO 8316 --- [http-nio-8080-exec-3] c.h.a.services.JwtService                : Extracting username from token
2023-12-06T00:27:32.138+05:30  INFO 8316 --- [http-nio-8080-exec-3] c.h.a.services.JwtService                : Extracting all claims from token
2023-12-06T00:27:32.140+05:30  INFO 8316 --- [http-nio-8080-exec-3] c.h.a.services.JwtService                : Validating token for username: yashwanth
2023-12-06T00:27:32.140+05:30  INFO 8316 --- [http-nio-8080-exec-3] c.h.a.services.JwtService                : Checking if token is expired
2023-12-06T00:27:32.141+05:30  INFO 8316 --- [http-nio-8080-exec-3] c.h.a.services.JwtService                : Extracting expiration from token
2023-12-06T00:27:32.141+05:30  INFO 8316 --- [http-nio-8080-exec-3] c.h.a.services.JwtService                : Extracting all claims from token
2023-12-06T00:27:32.146+05:30  INFO 8316 --- [http-nio-8080-exec-3] c.h.a.c.FlightOwnerRestController        : Received request to get all flight owners
2023-12-06T00:27:32.146+05:30  INFO 8316 --- [http-nio-8080-exec-3] c.h.a.services.FlightownerServiceImp     : Flight Owner Service Implementation - Fetching all Flight Owners
2023-12-06T00:27:38.658+05:30  INFO 8316 --- [http-nio-8080-exec-5] c.h.a.services.JwtService                : Extracting username from token
2023-12-06T00:27:38.659+05:30  INFO 8316 --- [http-nio-8080-exec-5] c.h.a.services.JwtService                : Extracting all claims from token
2023-12-06T00:27:38.663+05:30  INFO 8316 --- [http-nio-8080-exec-5] c.h.a.services.JwtService                : Extracting username from token
2023-12-06T00:27:38.664+05:30  INFO 8316 --- [http-nio-8080-exec-5] c.h.a.services.JwtService                : Extracting all claims from token
2023-12-06T00:27:38.666+05:30  INFO 8316 --- [http-nio-8080-exec-5] c.h.a.services.JwtService                : Validating token for username: yashwanth
2023-12-06T00:27:38.666+05:30  INFO 8316 --- [http-nio-8080-exec-5] c.h.a.services.JwtService                : Checking if token is expired
2023-12-06T00:27:38.666+05:30  INFO 8316 --- [http-nio-8080-exec-5] c.h.a.services.JwtService                : Extracting expiration from token
2023-12-06T00:27:38.666+05:30  INFO 8316 --- [http-nio-8080-exec-5] c.h.a.services.JwtService                : Extracting all claims from token
2023-12-06T00:27:38.671+05:30  INFO 8316 --- [http-nio-8080-exec-5] c.h.a.c.FlightOwnerRestController        : Received request to delete flight owner with flightOwnerId: 3002
2023-12-06T00:27:38.671+05:30  INFO 8316 --- [http-nio-8080-exec-5] c.h.a.services.FlightownerServiceImp     : Flight Owner Data with ID :3002 deleted successfully in the Flight Owner Service Implementation
2023-12-06T00:27:38.711+05:30  INFO 8316 --- [http-nio-8080-exec-7] c.h.a.services.JwtService                : Extracting username from token
2023-12-06T00:27:38.712+05:30  INFO 8316 --- [http-nio-8080-exec-7] c.h.a.services.JwtService                : Extracting all claims from token
2023-12-06T00:27:38.720+05:30  INFO 8316 --- [http-nio-8080-exec-7] c.h.a.services.JwtService                : Extracting username from token
2023-12-06T00:27:38.720+05:30  INFO 8316 --- [http-nio-8080-exec-7] c.h.a.services.JwtService                : Extracting all claims from token
2023-12-06T00:27:38.722+05:30  INFO 8316 --- [http-nio-8080-exec-7] c.h.a.services.JwtService                : Validating token for username: yashwanth
2023-12-06T00:27:38.722+05:30  INFO 8316 --- [http-nio-8080-exec-7] c.h.a.services.JwtService                : Checking if token is expired
2023-12-06T00:27:38.722+05:30  INFO 8316 --- [http-nio-8080-exec-7] c.h.a.services.JwtService                : Extracting expiration from token
2023-12-06T00:27:38.722+05:30  INFO 8316 --- [http-nio-8080-exec-7] c.h.a.services.JwtService                : Extracting all claims from token
2023-12-06T00:27:38.726+05:30  INFO 8316 --- [http-nio-8080-exec-7] c.h.a.c.FlightOwnerRestController        : Received request to get all flight owners
2023-12-06T00:27:38.726+05:30  INFO 8316 --- [http-nio-8080-exec-7] c.h.a.services.FlightownerServiceImp     : Flight Owner Service Implementation - Fetching all Flight Owners
2023-12-06T00:40:33.556+05:30  INFO 8316 --- [http-nio-8080-exec-9] c.h.a.services.JwtService                : Extracting username from token
2023-12-06T00:40:33.556+05:30  INFO 8316 --- [http-nio-8080-exec-9] c.h.a.services.JwtService                : Extracting all claims from token
2023-12-06T00:40:33.568+05:30  INFO 8316 --- [http-nio-8080-exec-9] c.h.a.services.JwtService                : Extracting username from token
2023-12-06T00:40:33.568+05:30  INFO 8316 --- [http-nio-8080-exec-9] c.h.a.services.JwtService                : Extracting all claims from token
2023-12-06T00:40:33.586+05:30  INFO 8316 --- [http-nio-8080-exec-9] c.h.a.services.JwtService                : Validating token for username: yashwanth
2023-12-06T00:40:33.586+05:30  INFO 8316 --- [http-nio-8080-exec-9] c.h.a.services.JwtService                : Checking if token is expired
2023-12-06T00:40:33.586+05:30  INFO 8316 --- [http-nio-8080-exec-9] c.h.a.services.JwtService                : Extracting expiration from token
2023-12-06T00:40:33.586+05:30  INFO 8316 --- [http-nio-8080-exec-9] c.h.a.services.JwtService                : Extracting all claims from token
2023-12-06T00:40:33.593+05:30  INFO 8316 --- [http-nio-8080-exec-9] c.h.a.c.FlightOwnerRestController        : Received request to get all flight owners
2023-12-06T00:40:33.593+05:30  INFO 8316 --- [http-nio-8080-exec-9] c.h.a.services.FlightownerServiceImp     : Flight Owner Service Implementation - Fetching all Flight Owners
2023-12-06T00:42:06.658+05:30  INFO 8316 --- [http-nio-8080-exec-2] c.h.a.services.JwtService                : Extracting username from token
2023-12-06T00:42:06.658+05:30  INFO 8316 --- [http-nio-8080-exec-2] c.h.a.services.JwtService                : Extracting all claims from token
2023-12-06T00:42:06.667+05:30  INFO 8316 --- [http-nio-8080-exec-2] c.h.a.services.JwtService                : Extracting username from token
2023-12-06T00:42:06.668+05:30  INFO 8316 --- [http-nio-8080-exec-2] c.h.a.services.JwtService                : Extracting all claims from token
2023-12-06T00:42:06.671+05:30  INFO 8316 --- [http-nio-8080-exec-2] c.h.a.services.JwtService                : Validating token for username: yashwanth
2023-12-06T00:42:06.671+05:30  INFO 8316 --- [http-nio-8080-exec-2] c.h.a.services.JwtService                : Checking if token is expired
2023-12-06T00:42:06.671+05:30  INFO 8316 --- [http-nio-8080-exec-2] c.h.a.services.JwtService                : Extracting expiration from token
2023-12-06T00:42:06.672+05:30  INFO 8316 --- [http-nio-8080-exec-2] c.h.a.services.JwtService                : Extracting all claims from token
2023-12-06T00:42:06.677+05:30  INFO 8316 --- [http-nio-8080-exec-2] c.h.a.c.FlightOwnerRestController        : Received request to get all flight owners
2023-12-06T00:42:06.677+05:30  INFO 8316 --- [http-nio-8080-exec-2] c.h.a.services.FlightownerServiceImp     : Flight Owner Service Implementation - Fetching all Flight Owners
2023-12-06T00:43:03.676+05:30  INFO 8316 --- [http-nio-8080-exec-1] c.h.a.services.JwtService                : Extracting username from token
2023-12-06T00:43:03.677+05:30  INFO 8316 --- [http-nio-8080-exec-1] c.h.a.services.JwtService                : Extracting all claims from token
2023-12-06T00:43:03.684+05:30  INFO 8316 --- [http-nio-8080-exec-1] c.h.a.services.JwtService                : Extracting username from token
2023-12-06T00:43:03.684+05:30  INFO 8316 --- [http-nio-8080-exec-1] c.h.a.services.JwtService                : Extracting all claims from token
2023-12-06T00:43:03.692+05:30  INFO 8316 --- [http-nio-8080-exec-1] c.h.a.services.JwtService                : Validating token for username: yashwanth
2023-12-06T00:43:03.692+05:30  INFO 8316 --- [http-nio-8080-exec-1] c.h.a.services.JwtService                : Checking if token is expired
2023-12-06T00:43:03.692+05:30  INFO 8316 --- [http-nio-8080-exec-1] c.h.a.services.JwtService                : Extracting expiration from token
2023-12-06T00:43:03.692+05:30  INFO 8316 --- [http-nio-8080-exec-1] c.h.a.services.JwtService                : Extracting all claims from token
2023-12-06T00:43:03.699+05:30  INFO 8316 --- [http-nio-8080-exec-1] c.h.a.c.FlightOwnerRestController        : Received request to get all flight owners
2023-12-06T00:43:03.699+05:30  INFO 8316 --- [http-nio-8080-exec-1] c.h.a.services.FlightownerServiceImp     : Flight Owner Service Implementation - Fetching all Flight Owners
2023-12-06T00:43:07.736+05:30  INFO 8316 --- [http-nio-8080-exec-4] c.h.a.services.JwtService                : Extracting username from token
2023-12-06T00:43:07.736+05:30  INFO 8316 --- [http-nio-8080-exec-4] c.h.a.services.JwtService                : Extracting all claims from token
2023-12-06T00:43:07.742+05:30  INFO 8316 --- [http-nio-8080-exec-4] c.h.a.services.JwtService                : Extracting username from token
2023-12-06T00:43:07.742+05:30  INFO 8316 --- [http-nio-8080-exec-4] c.h.a.services.JwtService                : Extracting all claims from token
2023-12-06T00:43:07.745+05:30  INFO 8316 --- [http-nio-8080-exec-4] c.h.a.services.JwtService                : Validating token for username: yashwanth
2023-12-06T00:43:07.745+05:30  INFO 8316 --- [http-nio-8080-exec-4] c.h.a.services.JwtService                : Checking if token is expired
2023-12-06T00:43:07.746+05:30  INFO 8316 --- [http-nio-8080-exec-4] c.h.a.services.JwtService                : Extracting expiration from token
2023-12-06T00:43:07.746+05:30  INFO 8316 --- [http-nio-8080-exec-4] c.h.a.services.JwtService                : Extracting all claims from token
2023-12-06T00:43:07.750+05:30  INFO 8316 --- [http-nio-8080-exec-4] c.h.a.controller.TicketRestController    : Received request to view all ticket details
2023-12-06T00:43:07.750+05:30  INFO 8316 --- [http-nio-8080-exec-4] c.h.a.services.TicketServiceimp          : Ticket Service Implementation - Fetching all tickets.
2023-12-06T00:43:07.795+05:30  INFO 8316 --- [http-nio-8080-exec-4] c.h.a.services.TicketServiceimp          : Ticket Service Implementation - All tickets fetched successfully.
2023-12-06T00:43:12.178+05:30  INFO 8316 --- [http-nio-8080-exec-7] c.h.a.services.JwtService                : Extracting username from token
2023-12-06T00:43:12.179+05:30  INFO 8316 --- [http-nio-8080-exec-7] c.h.a.services.JwtService                : Extracting all claims from token
2023-12-06T00:43:12.185+05:30  INFO 8316 --- [http-nio-8080-exec-7] c.h.a.services.JwtService                : Extracting username from token
2023-12-06T00:43:12.185+05:30  INFO 8316 --- [http-nio-8080-exec-7] c.h.a.services.JwtService                : Extracting all claims from token
2023-12-06T00:43:12.189+05:30  INFO 8316 --- [http-nio-8080-exec-7] c.h.a.services.JwtService                : Validating token for username: yashwanth
2023-12-06T00:43:12.189+05:30  INFO 8316 --- [http-nio-8080-exec-7] c.h.a.services.JwtService                : Checking if token is expired
2023-12-06T00:43:12.189+05:30  INFO 8316 --- [http-nio-8080-exec-7] c.h.a.services.JwtService                : Extracting expiration from token
2023-12-06T00:43:12.189+05:30  INFO 8316 --- [http-nio-8080-exec-7] c.h.a.services.JwtService                : Extracting all claims from token
2023-12-06T00:43:12.195+05:30  INFO 8316 --- [http-nio-8080-exec-7] c.h.a.controller.TicketRestController    : Received request to cancel ticket for ticketId: 1007
2023-12-06T00:43:12.196+05:30  INFO 8316 --- [http-nio-8080-exec-7] c.h.a.services.TicketServiceimp          : Ticket Service Implementation - Deleting Ticket with ID: 1007
2023-12-06T00:43:12.228+05:30  INFO 8316 --- [http-nio-8080-exec-7] c.h.a.services.TicketServiceimp          : Ticket Service Implementation - Ticket Data with ID: 1007 deleted successfully.
2023-12-06T00:43:12.258+05:30  INFO 8316 --- [http-nio-8080-exec-6] c.h.a.services.JwtService                : Extracting username from token
2023-12-06T00:43:12.258+05:30  INFO 8316 --- [http-nio-8080-exec-6] c.h.a.services.JwtService                : Extracting all claims from token
2023-12-06T00:43:12.267+05:30  INFO 8316 --- [http-nio-8080-exec-6] c.h.a.services.JwtService                : Extracting username from token
2023-12-06T00:43:12.268+05:30  INFO 8316 --- [http-nio-8080-exec-6] c.h.a.services.JwtService                : Extracting all claims from token
2023-12-06T00:43:12.270+05:30  INFO 8316 --- [http-nio-8080-exec-6] c.h.a.services.JwtService                : Validating token for username: yashwanth
2023-12-06T00:43:12.271+05:30  INFO 8316 --- [http-nio-8080-exec-6] c.h.a.services.JwtService                : Checking if token is expired
2023-12-06T00:43:12.271+05:30  INFO 8316 --- [http-nio-8080-exec-6] c.h.a.services.JwtService                : Extracting expiration from token
2023-12-06T00:43:12.271+05:30  INFO 8316 --- [http-nio-8080-exec-6] c.h.a.services.JwtService                : Extracting all claims from token
2023-12-06T00:43:12.275+05:30  INFO 8316 --- [http-nio-8080-exec-6] c.h.a.controller.TicketRestController    : Received request to view all ticket details
2023-12-06T00:43:12.275+05:30  INFO 8316 --- [http-nio-8080-exec-6] c.h.a.services.TicketServiceimp          : Ticket Service Implementation - Fetching all tickets.
2023-12-06T00:43:12.319+05:30  INFO 8316 --- [http-nio-8080-exec-6] c.h.a.services.TicketServiceimp          : Ticket Service Implementation - All tickets fetched successfully.
2023-12-06T00:43:14.054+05:30  INFO 8316 --- [http-nio-8080-exec-9] c.h.a.services.JwtService                : Extracting username from token
2023-12-06T00:43:14.054+05:30  INFO 8316 --- [http-nio-8080-exec-9] c.h.a.services.JwtService                : Extracting all claims from token
2023-12-06T00:43:14.059+05:30  INFO 8316 --- [http-nio-8080-exec-9] c.h.a.services.JwtService                : Extracting username from token
2023-12-06T00:43:14.059+05:30  INFO 8316 --- [http-nio-8080-exec-9] c.h.a.services.JwtService                : Extracting all claims from token
2023-12-06T00:43:14.061+05:30  INFO 8316 --- [http-nio-8080-exec-9] c.h.a.services.JwtService                : Validating token for username: yashwanth
2023-12-06T00:43:14.061+05:30  INFO 8316 --- [http-nio-8080-exec-9] c.h.a.services.JwtService                : Checking if token is expired
2023-12-06T00:43:14.061+05:30  INFO 8316 --- [http-nio-8080-exec-9] c.h.a.services.JwtService                : Extracting expiration from token
2023-12-06T00:43:14.061+05:30  INFO 8316 --- [http-nio-8080-exec-9] c.h.a.services.JwtService                : Extracting all claims from token
2023-12-06T00:43:14.066+05:30  INFO 8316 --- [http-nio-8080-exec-9] c.h.a.controller.TicketRestController    : Received request to cancel ticket for ticketId: 1009
2023-12-06T00:43:14.066+05:30  INFO 8316 --- [http-nio-8080-exec-9] c.h.a.services.TicketServiceimp          : Ticket Service Implementation - Deleting Ticket with ID: 1009
2023-12-06T00:43:14.100+05:30  INFO 8316 --- [http-nio-8080-exec-9] c.h.a.services.TicketServiceimp          : Ticket Service Implementation - Ticket Data with ID: 1009 deleted successfully.
2023-12-06T00:43:14.136+05:30  INFO 8316 --- [http-nio-8080-exec-10] c.h.a.services.JwtService                : Extracting username from token
2023-12-06T00:43:14.136+05:30  INFO 8316 --- [http-nio-8080-exec-10] c.h.a.services.JwtService                : Extracting all claims from token
2023-12-06T00:43:14.145+05:30  INFO 8316 --- [http-nio-8080-exec-10] c.h.a.services.JwtService                : Extracting username from token
2023-12-06T00:43:14.145+05:30  INFO 8316 --- [http-nio-8080-exec-10] c.h.a.services.JwtService                : Extracting all claims from token
2023-12-06T00:43:14.147+05:30  INFO 8316 --- [http-nio-8080-exec-10] c.h.a.services.JwtService                : Validating token for username: yashwanth
2023-12-06T00:43:14.147+05:30  INFO 8316 --- [http-nio-8080-exec-10] c.h.a.services.JwtService                : Checking if token is expired
2023-12-06T00:43:14.147+05:30  INFO 8316 --- [http-nio-8080-exec-10] c.h.a.services.JwtService                : Extracting expiration from token
2023-12-06T00:43:14.147+05:30  INFO 8316 --- [http-nio-8080-exec-10] c.h.a.services.JwtService                : Extracting all claims from token
2023-12-06T00:43:14.153+05:30  INFO 8316 --- [http-nio-8080-exec-10] c.h.a.controller.TicketRestController    : Received request to view all ticket details
2023-12-06T00:43:14.153+05:30  INFO 8316 --- [http-nio-8080-exec-10] c.h.a.services.TicketServiceimp          : Ticket Service Implementation - Fetching all tickets.
2023-12-06T00:43:14.204+05:30  INFO 8316 --- [http-nio-8080-exec-10] c.h.a.services.TicketServiceimp          : Ticket Service Implementation - All tickets fetched successfully.
2023-12-06T00:43:47.100+05:30  INFO 8316 --- [http-nio-8080-exec-1] c.h.a.services.JwtService                : Extracting username from token
2023-12-06T00:43:47.101+05:30  INFO 8316 --- [http-nio-8080-exec-1] c.h.a.services.JwtService                : Extracting all claims from token
2023-12-06T00:43:47.106+05:30  INFO 8316 --- [http-nio-8080-exec-1] c.h.a.services.JwtService                : Extracting username from token
2023-12-06T00:43:47.107+05:30  INFO 8316 --- [http-nio-8080-exec-1] c.h.a.services.JwtService                : Extracting all claims from token
2023-12-06T00:43:47.108+05:30  INFO 8316 --- [http-nio-8080-exec-1] c.h.a.services.JwtService                : Validating token for username: yashwanth
2023-12-06T00:43:47.108+05:30  INFO 8316 --- [http-nio-8080-exec-1] c.h.a.services.JwtService                : Checking if token is expired
2023-12-06T00:43:47.108+05:30  INFO 8316 --- [http-nio-8080-exec-1] c.h.a.services.JwtService                : Extracting expiration from token
2023-12-06T00:43:47.108+05:30  INFO 8316 --- [http-nio-8080-exec-1] c.h.a.services.JwtService                : Extracting all claims from token
2023-12-06T00:43:47.112+05:30  INFO 8316 --- [http-nio-8080-exec-1] c.h.a.controller.UserRestController      : Received request to get all registered users
2023-12-06T00:43:47.112+05:30  INFO 8316 --- [http-nio-8080-exec-1] c.h.a.services.UserServiceImp            : User Service Implementation-Fetching all users from the repository
2023-12-06T00:59:07.157+05:30  INFO 8316 --- [RMI TCP Connection(68)-127.0.0.1] inMXBeanRegistrar$SpringApplicationAdmin : Application shutdown requested.
2023-12-06T00:59:07.174+05:30  INFO 8316 --- [RMI TCP Connection(68)-127.0.0.1] o.apache.catalina.core.StandardService   : Stopping service [Tomcat]
2023-12-06T00:59:07.176+05:30  INFO 8316 --- [RMI TCP Connection(68)-127.0.0.1] o.a.c.c.C.[Tomcat].[localhost].[/]       : Destroying Spring FrameworkServlet 'dispatcherServlet'
2023-12-06T00:59:07.179+05:30  WARN 8316 --- [RMI TCP Connection(68)-127.0.0.1] o.a.c.loader.WebappClassLoaderBase       : The web application [ROOT] appears to have started a thread named [HikariPool-1 housekeeper] but has failed to stop it. This is very likely to create a memory leak. Stack trace of thread:
 java.base@17.0.8.1/jdk.internal.misc.Unsafe.park(Native Method)
 java.base@17.0.8.1/java.util.concurrent.locks.LockSupport.parkNanos(LockSupport.java:252)
 java.base@17.0.8.1/java.util.concurrent.locks.AbstractQueuedSynchronizer$ConditionObject.awaitNanos(AbstractQueuedSynchronizer.java:1672)
 java.base@17.0.8.1/java.util.concurrent.ScheduledThreadPoolExecutor$DelayedWorkQueue.take(ScheduledThreadPoolExecutor.java:1182)
 java.base@17.0.8.1/java.util.concurrent.ScheduledThreadPoolExecutor$DelayedWorkQueue.take(ScheduledThreadPoolExecutor.java:899)
 java.base@17.0.8.1/java.util.concurrent.ThreadPoolExecutor.getTask(ThreadPoolExecutor.java:1062)
 java.base@17.0.8.1/java.util.concurrent.ThreadPoolExecutor.runWorker(ThreadPoolExecutor.java:1122)
 java.base@17.0.8.1/java.util.concurrent.ThreadPoolExecutor$Worker.run(ThreadPoolExecutor.java:635)
 java.base@17.0.8.1/java.lang.Thread.run(Thread.java:833)
2023-12-06T00:59:07.180+05:30  WARN 8316 --- [RMI TCP Connection(68)-127.0.0.1] o.a.c.loader.WebappClassLoaderBase       : The web application [ROOT] appears to have started a thread named [logback-1] but has failed to stop it. This is very likely to create a memory leak. Stack trace of thread:
 java.base@17.0.8.1/jdk.internal.misc.Unsafe.park(Native Method)
 java.base@17.0.8.1/java.util.concurrent.locks.LockSupport.park(LockSupport.java:341)
 java.base@17.0.8.1/java.util.concurrent.locks.AbstractQueuedSynchronizer$ConditionNode.block(AbstractQueuedSynchronizer.java:506)
 java.base@17.0.8.1/java.util.concurrent.ForkJoinPool.unmanagedBlock(ForkJoinPool.java:3465)
 java.base@17.0.8.1/java.util.concurrent.ForkJoinPool.managedBlock(ForkJoinPool.java:3436)
 java.base@17.0.8.1/java.util.concurrent.locks.AbstractQueuedSynchronizer$ConditionObject.await(AbstractQueuedSynchronizer.java:1623)
 java.base@17.0.8.1/java.util.concurrent.ScheduledThreadPoolExecutor$DelayedWorkQueue.take(ScheduledThreadPoolExecutor.java:1170)
 java.base@17.0.8.1/java.util.concurrent.ScheduledThreadPoolExecutor$DelayedWorkQueue.take(ScheduledThreadPoolExecutor.java:899)
 java.base@17.0.8.1/java.util.concurrent.ThreadPoolExecutor.getTask(ThreadPoolExecutor.java:1062)
 java.base@17.0.8.1/java.util.concurrent.ThreadPoolExecutor.runWorker(ThreadPoolExecutor.java:1122)
 java.base@17.0.8.1/java.util.concurrent.ThreadPoolExecutor$Worker.run(ThreadPoolExecutor.java:635)
 java.base@17.0.8.1/java.lang.Thread.run(Thread.java:833)
2023-12-06T00:59:07.191+05:30  INFO 8316 --- [RMI TCP Connection(68)-127.0.0.1] j.LocalContainerEntityManagerFactoryBean : Closing JPA EntityManagerFactory for persistence unit 'default'
2023-12-06T00:59:07.195+05:30  INFO 8316 --- [RMI TCP Connection(68)-127.0.0.1] com.zaxxer.hikari.HikariDataSource       : HikariPool-1 - Shutdown initiated...
2023-12-06T00:59:07.199+05:30  INFO 8316 --- [RMI TCP Connection(68)-127.0.0.1] com.zaxxer.hikari.HikariDataSource       : HikariPool-1 - Shutdown completed.
